<?xml version="1.0" encoding="UTF-8"?>
<testsuite name="test.cuenta.bancaria.CuentaTest" tests="1" skipped="0" failures="0" errors="0" timestamp="2021-01-13T00:25:14" hostname="DESKTOP-1QD3E6L" time="0.096">
  <properties/>
  <testcase name="testInicializarCuenta()" classname="test.cuenta.bancaria.CuentaTest" time="0.096"/>
  <system-out><![CDATA[]]></system-out>
  <system-err><![CDATA[]]></system-err>
</testsuite>
